<?xml version="1.0" encoding="UTF-8"?>
<!-- Generated by org.testng.reporters.JUnitReportReporter -->
<testsuite skipped="0" hostname="DESKTOP-HTVADQ6" name="com.parallelExec.com.SignUpLinkVerification" tests="1" failures="0" timestamp="17 Jul 2020 18:15:52 GMT" time="17.197" errors="0">
  <testcase name="signUpText" time="17.197" classname="com.parallelExec.com.SignUpLinkVerification"/>
</testsuite> <!-- com.parallelExec.com.SignUpLinkVerification -->
