<?xml version="1.0" encoding="UTF-8"?>
<!-- Generated by org.testng.reporters.JUnitReportReporter -->
<testsuite skipped="2" hostname="DESKTOP-HTVADQ6" name="com.testngconcepts.com.InvocationCount" tests="7" failures="0" timestamp="10 Jul 2020 17:05:23 GMT" time="83.456" errors="0">
  <testcase name="login" time="19.989" classname="com.testngconcepts.com.InvocationCount"/>
  <testcase name="login" time="15.040" classname="com.testngconcepts.com.InvocationCount"/>
  <testcase name="login" time="14.979" classname="com.testngconcepts.com.InvocationCount"/>
  <testcase name="login" time="15.568" classname="com.testngconcepts.com.InvocationCount"/>
  <testcase name="login" time="17.880" classname="com.testngconcepts.com.InvocationCount"/>
  <testcase name="checkApplicationTitle" classname="com.testngconcepts.com.InvocationCount">
    <skipped/>
  </testcase> <!-- checkApplicationTitle -->
  <testcase name="signUpText" classname="com.testngconcepts.com.InvocationCount">
    <skipped/>
  </testcase> <!-- signUpText -->
</testsuite> <!-- com.testngconcepts.com.InvocationCount -->
