<?xml version="1.0" encoding="UTF-8"?>
<!-- Generated by org.testng.reporters.JUnitReportReporter -->
<testsuite skipped="0" hostname="DESKTOP-HTVADQ6" name="com.testngconcepts.com.SurveyMonkeyLogin" tests="3" failures="0" timestamp="10 Jul 2020 16:25:04 GMT" time="54.693" errors="0">
  <testcase name="checkApplicationTitle" time="10.582" classname="com.testngconcepts.com.SurveyMonkeyLogin"/>
  <testcase name="signUpText" time="23.464" classname="com.testngconcepts.com.SurveyMonkeyLogin"/>
  <testcase name="login" time="20.647" classname="com.testngconcepts.com.SurveyMonkeyLogin"/>
</testsuite> <!-- com.testngconcepts.com.SurveyMonkeyLogin -->
