<?xml version="1.0" encoding="UTF-8"?>
<!-- Generated by org.testng.reporters.JUnitReportReporter -->
<testsuite skipped="0" hostname="DESKTOP-HTVADQ6" name="com.testngconcepts.com.FirstTestProgram" tests="3" failures="0" timestamp="10 Jul 2020 16:25:04 GMT" time="0.004" errors="0">
  <testcase name="displayname" time="0.001" classname="com.testngconcepts.com.FirstTestProgram"/>
  <testcase name="displaymessage" time="0.001" classname="com.testngconcepts.com.FirstTestProgram"/>
  <testcase name="displayZipCode" time="0.002" classname="com.testngconcepts.com.FirstTestProgram"/>
</testsuite> <!-- com.testngconcepts.com.FirstTestProgram -->
