<?xml version="1.0" encoding="UTF-8"?>
<!-- Generated by org.testng.reporters.JUnitReportReporter -->
<testsuite skipped="0" hostname="DESKTOP-HTVADQ6" name="com.testngconcepts.com.DependsOnMethod" tests="3" failures="0" timestamp="10 Jul 2020 17:31:53 GMT" time="0.022" errors="0">
  <testcase name="loginTest" time="0.018" classname="com.testngconcepts.com.DependsOnMethod"/>
  <testcase name="bookTickets" time="0.002" classname="com.testngconcepts.com.DependsOnMethod"/>
  <testcase name="logoutTest" time="0.002" classname="com.testngconcepts.com.DependsOnMethod"/>
</testsuite> <!-- com.testngconcepts.com.DependsOnMethod -->
