<?xml version="1.0" encoding="UTF-8"?>
<!-- Generated by org.testng.reporters.JUnitReportReporter -->
<testsuite skipped="0" hostname="DESKTOP-HTVADQ6" name="com.testngconcepts.com.DataProviderConcept" tests="2" failures="0" timestamp="17 Jul 2020 18:39:53 GMT" time="25.132" errors="0">
  <testcase name="loginApplication" time="15.072" classname="com.testngconcepts.com.DataProviderConcept"/>
  <testcase name="loginApplication" time="10.060" classname="com.testngconcepts.com.DataProviderConcept"/>
</testsuite> <!-- com.testngconcepts.com.DataProviderConcept -->
