<?xml version="1.0" encoding="UTF-8"?>
<!-- Generated by org.testng.reporters.JUnitReportReporter -->
<testsuite skipped="0" hostname="DESKTOP-HTVADQ6" name="com.testngconcepts.com.SurveyMonkeyLoginAllAnnotations" tests="3" failures="0" timestamp="10 Jul 2020 16:25:04 GMT" time="35.222" errors="0">
  <testcase name="checkApplicationTitle" time="10.368" classname="com.testngconcepts.com.SurveyMonkeyLoginAllAnnotations"/>
  <testcase name="signUpText" time="10.808" classname="com.testngconcepts.com.SurveyMonkeyLoginAllAnnotations"/>
  <testcase name="login" time="14.046" classname="com.testngconcepts.com.SurveyMonkeyLoginAllAnnotations"/>
</testsuite> <!-- com.testngconcepts.com.SurveyMonkeyLoginAllAnnotations -->
