<?xml version="1.0" encoding="UTF-8"?>
<!-- Generated by org.testng.reporters.JUnitReportReporter -->
<testsuite skipped="0" hostname="DESKTOP-HTVADQ6" name="com.parallelExec.com.LoginVerification" tests="1" failures="0" timestamp="17 Jul 2020 18:15:52 GMT" time="23.365" errors="0">
  <testcase name="login" time="23.365" classname="com.parallelExec.com.LoginVerification"/>
</testsuite> <!-- com.parallelExec.com.LoginVerification -->
